# JRE version: OpenJDK Runtime Environment Temurin-19.0.2+7 (19.0.2+7) (build 19.0.2+7)
# Java VM: OpenJDK 64-Bit Server VM Temurin-19.0.2+7 (19.0.2+7, mixed mode, sharing, tiered, compressed oops, compressed class ptrs, g1 gc, windows-amd64)
GC Precious Log:
 CardTable entry size: 512
 Card Set container configuration: InlinePtr #cards 5 size 8 Array Of Cards #cards 12 size 40 Howl #buckets 4 coarsen threshold 1843 Howl Bitmap #cards 512 size 80 coarsen threshold 460 Card regions per heap region 1 cards per card region 2048
 CPUs: 8 total, 8 available
 Memory: 8035M
 Large Page Support: Disabled
 NUMA Support: Disabled
 Compressed Oops: Enabled (32-bit)
 Heap Region Size: 1M
 Heap Min Capacity: 8M
 Heap Initial Capacity: 126M
 Heap Max Capacity: 1G
 Pre-touch: Disabled
 Parallel Workers: 8
 Concurrent Workers: 2
 Concurrent Refinement Workers: 8
 Periodic GC: Disabled
 String Deduplication is enabled
Heap:
 garbage-first heap   total 129024K, used 55327K [0x00000000c0000000, 0x0000000100000000)
  region size 1024K, 32 young (32768K), 3 survivors (3072K)
 Metaspace       used 19934K, committed 20608K, reserved 1114112K
  class space    used 2061K, committed 2368K, reserved 1048576K
GC Heap History (8 events):
Event: 1.962 GC heap before
{Heap before GC invocations=0 (full 0):
 garbage-first heap   total 129024K, used 23552K [0x00000000c0000000, 0x0000000100000000)
  region size 1024K, 23 young (23552K), 0 survivors (0K)
 Metaspace       used 6886K, committed 7104K, reserved 1114112K
  class space    used 675K, committed 768K, reserved 1048576K
}
Event: 1.977 GC heap after
{Heap after GC invocations=1 (full 0):
 garbage-first heap   total 129024K, used 3873K [0x00000000c0000000, 0x0000000100000000)
  region size 1024K, 3 young (3072K), 3 survivors (3072K)
 Metaspace       used 6886K, committed 7104K, reserved 1114112K
  class space    used 675K, committed 768K, reserved 1048576K
}
Event: 8.734 GC heap before
{Heap before GC invocations=1 (full 0):
 garbage-first heap   total 129024K, used 32545K [0x00000000c0000000, 0x0000000100000000)
  region size 1024K, 32 young (32768K), 3 survivors (3072K)
 Metaspace       used 14341K, committed 14912K, reserved 1114112K
  class space    used 1438K, committed 1664K, reserved 1048576K
}
Event: 8.753 GC heap after
{Heap after GC invocations=2 (full 0):
 garbage-first heap   total 129024K, used 11832K [0x00000000c0000000, 0x0000000100000000)
  region size 1024K, 4 young (4096K), 4 survivors (4096K)
 Metaspace       used 14341K, committed 14912K, reserved 1114112K
  class space    used 1438K, committed 1664K, reserved 1048576K
}
Event: 14.454 GC heap before
{Heap before GC invocations=2 (full 0):
 garbage-first heap   total 129024K, used 82488K [0x00000000c0000000, 0x0000000100000000)
  region size 1024K, 65 young (66560K), 4 survivors (4096K)
 Metaspace       used 18494K, committed 19136K, reserved 1114112K
  class space    used 1884K, committed 2176K, reserved 1048576K
}
Event: 14.480 GC heap after
{Heap after GC invocations=3 (full 0):
 garbage-first heap   total 129024K, used 24704K [0x00000000c0000000, 0x0000000100000000)
  region size 1024K, 9 young (9216K), 9 survivors (9216K)
 Metaspace       used 18494K, committed 19136K, reserved 1114112K
  class space    used 1884K, committed 2176K, reserved 1048576K
}
Event: 22.652 GC heap before
{Heap before GC invocations=3 (full 0):
 garbage-first heap   total 129024K, used 68736K [0x00000000c0000000, 0x0000000100000000)
  region size 1024K, 52 young (53248K), 9 survivors (9216K)
 Metaspace       used 19873K, committed 20544K, reserved 1114112K
  class space    used 2058K, committed 2368K, reserved 1048576K
}
Event: 22.666 GC heap after
{Heap after GC invocations=4 (full 0):
 garbage-first heap   total 129024K, used 26655K [0x00000000c0000000, 0x0000000100000000)
  region size 1024K, 3 young (3072K), 3 survivors (3072K)
 Metaspace       used 19873K, committed 20544K, reserved 1114112K
  class space    used 2058K, committed 2368K, reserved 1048576K
}

