# JRE version: OpenJDK Runtime Environment Temurin-19.0.2+7 (19.0.2+7) (build 19.0.2+7)
# Java VM: OpenJDK 64-Bit Server VM Temurin-19.0.2+7 (19.0.2+7, mixed mode, sharing, tiered, compressed oops, compressed class ptrs, g1 gc, windows-amd64)
GC Precious Log:
 CardTable entry size: 512
 Card Set container configuration: InlinePtr #cards 5 size 8 Array Of Cards #cards 12 size 40 Howl #buckets 4 coarsen threshold 1843 Howl Bitmap #cards 512 size 80 coarsen threshold 460 Card regions per heap region 1 cards per card region 2048
 CPUs: 8 total, 8 available
 Memory: 8035M
 Large Page Support: Disabled
 NUMA Support: Disabled
 Compressed Oops: Enabled (32-bit)
 Heap Region Size: 1M
 Heap Min Capacity: 8M
 Heap Initial Capacity: 126M
 Heap Max Capacity: 1G
 Pre-touch: Disabled
 Parallel Workers: 8
 Concurrent Workers: 2
 Concurrent Refinement Workers: 8
 Periodic GC: Disabled
 String Deduplication is enabled
Heap:
 garbage-first heap   total 142336K, used 98947K [0x00000000c0000000, 0x0000000100000000)
  region size 1024K, 40 young (40960K), 1 survivors (1024K)
 Metaspace       used 30802K, committed 31552K, reserved 1114112K
  class space    used 2907K, committed 3264K, reserved 1048576K
GC Heap History (20 events):
Event: 471757.720 GC heap before
{Heap before GC invocations=228 (full 0):
 garbage-first heap   total 142336K, used 124605K [0x00000000c0000000, 0x0000000100000000)
  region size 1024K, 64 young (65536K), 1 survivors (1024K)
 Metaspace       used 30602K, committed 31360K, reserved 1114112K
  class space    used 2873K, committed 3264K, reserved 1048576K
}
Event: 471757.730 GC heap after
{Heap after GC invocations=229 (full 0):
 garbage-first heap   total 142336K, used 60007K [0x00000000c0000000, 0x0000000100000000)
  region size 1024K, 1 young (1024K), 1 survivors (1024K)
 Metaspace       used 30602K, committed 31360K, reserved 1114112K
  class space    used 2873K, committed 3264K, reserved 1048576K
}
Event: 471777.260 GC heap before
{Heap before GC invocations=229 (full 0):
 garbage-first heap   total 142336K, used 124519K [0x00000000c0000000, 0x0000000100000000)
  region size 1024K, 64 young (65536K), 1 survivors (1024K)
 Metaspace       used 30612K, committed 31360K, reserved 1114112K
  class space    used 2873K, committed 3264K, reserved 1048576K
}
Event: 471777.266 GC heap after
{Heap after GC invocations=230 (full 0):
 garbage-first heap   total 142336K, used 60540K [0x00000000c0000000, 0x0000000100000000)
  region size 1024K, 1 young (1024K), 1 survivors (1024K)
 Metaspace       used 30612K, committed 31360K, reserved 1114112K
  class space    used 2873K, committed 3264K, reserved 1048576K
}
Event: 471805.742 GC heap before
{Heap before GC invocations=230 (full 0):
 garbage-first heap   total 142336K, used 125052K [0x00000000c0000000, 0x0000000100000000)
  region size 1024K, 64 young (65536K), 1 survivors (1024K)
 Metaspace       used 30612K, committed 31360K, reserved 1114112K
  class space    used 2873K, committed 3264K, reserved 1048576K
}
Event: 471805.749 GC heap after
{Heap after GC invocations=231 (full 0):
 garbage-first heap   total 142336K, used 60845K [0x00000000c0000000, 0x0000000100000000)
  region size 1024K, 2 young (2048K), 2 survivors (2048K)
 Metaspace       used 30612K, committed 31360K, reserved 1114112K
  class space    used 2873K, committed 3264K, reserved 1048576K
}
Event: 471829.701 GC heap before
{Heap before GC invocations=231 (full 0):
 garbage-first heap   total 142336K, used 124333K [0x00000000c0000000, 0x0000000100000000)
  region size 1024K, 64 young (65536K), 2 survivors (2048K)
 Metaspace       used 30612K, committed 31360K, reserved 1114112K
  class space    used 2873K, committed 3264K, reserved 1048576K
}
Event: 471829.707 GC heap after
{Heap after GC invocations=232 (full 0):
 garbage-first heap   total 142336K, used 60831K [0x00000000c0000000, 0x0000000100000000)
  region size 1024K, 2 young (2048K), 2 survivors (2048K)
 Metaspace       used 30612K, committed 31360K, reserved 1114112K
  class space    used 2873K, committed 3264K, reserved 1048576K
}
Event: 472650.891 GC heap before
{Heap before GC invocations=232 (full 0):
 garbage-first heap   total 142336K, used 124319K [0x00000000c0000000, 0x0000000100000000)
  region size 1024K, 64 young (65536K), 2 survivors (2048K)
 Metaspace       used 30612K, committed 31360K, reserved 1114112K
  class space    used 2873K, committed 3264K, reserved 1048576K
}
Event: 472650.928 GC heap after
{Heap after GC invocations=233 (full 0):
 garbage-first heap   total 142336K, used 60083K [0x00000000c0000000, 0x0000000100000000)
  region size 1024K, 1 young (1024K), 1 survivors (1024K)
 Metaspace       used 30612K, committed 31360K, reserved 1114112K
  class space    used 2873K, committed 3264K, reserved 1048576K
}
Event: 473391.322 GC heap before
{Heap before GC invocations=233 (full 0):
 garbage-first heap   total 142336K, used 124595K [0x00000000c0000000, 0x0000000100000000)
  region size 1024K, 64 young (65536K), 1 survivors (1024K)
 Metaspace       used 30613K, committed 31360K, reserved 1114112K
  class space    used 2873K, committed 3264K, reserved 1048576K
}
Event: 473391.341 GC heap after
{Heap after GC invocations=234 (full 0):
 garbage-first heap   total 142336K, used 60787K [0x00000000c0000000, 0x0000000100000000)
  region size 1024K, 2 young (2048K), 2 survivors (2048K)
 Metaspace       used 30613K, committed 31360K, reserved 1114112K
  class space    used 2873K, committed 3264K, reserved 1048576K
}
Event: 474093.173 GC heap before
{Heap before GC invocations=234 (full 0):
 garbage-first heap   total 142336K, used 124275K [0x00000000c0000000, 0x0000000100000000)
  region size 1024K, 64 young (65536K), 2 survivors (2048K)
 Metaspace       used 30613K, committed 31360K, reserved 1114112K
  class space    used 2873K, committed 3264K, reserved 1048576K
}
Event: 474093.214 GC heap after
{Heap after GC invocations=235 (full 0):
 garbage-first heap   total 142336K, used 60164K [0x00000000c0000000, 0x0000000100000000)
  region size 1024K, 1 young (1024K), 1 survivors (1024K)
 Metaspace       used 30613K, committed 31360K, reserved 1114112K
  class space    used 2873K, committed 3264K, reserved 1048576K
}
Event: 474932.624 GC heap before
{Heap before GC invocations=235 (full 0):
 garbage-first heap   total 142336K, used 124676K [0x00000000c0000000, 0x0000000100000000)
  region size 1024K, 64 young (65536K), 1 survivors (1024K)
 Metaspace       used 30613K, committed 31360K, reserved 1114112K
  class space    used 2873K, committed 3264K, reserved 1048576K
}
Event: 474932.628 GC heap after
{Heap after GC invocations=236 (full 0):
 garbage-first heap   total 142336K, used 60139K [0x00000000c0000000, 0x0000000100000000)
  region size 1024K, 1 young (1024K), 1 survivors (1024K)
 Metaspace       used 30613K, committed 31360K, reserved 1114112K
  class space    used 2873K, committed 3264K, reserved 1048576K
}
Event: 475772.831 GC heap before
{Heap before GC invocations=236 (full 0):
 garbage-first heap   total 142336K, used 124651K [0x00000000c0000000, 0x0000000100000000)
  region size 1024K, 64 young (65536K), 1 survivors (1024K)
 Metaspace       used 30613K, committed 31360K, reserved 1114112K
  class space    used 2873K, committed 3264K, reserved 1048576K
}
Event: 475772.862 GC heap after
{Heap after GC invocations=237 (full 0):
 garbage-first heap   total 142336K, used 60124K [0x00000000c0000000, 0x0000000100000000)
  region size 1024K, 1 young (1024K), 1 survivors (1024K)
 Metaspace       used 30613K, committed 31360K, reserved 1114112K
  class space    used 2873K, committed 3264K, reserved 1048576K
}
Event: 476644.403 GC heap before
{Heap before GC invocations=237 (full 0):
 garbage-first heap   total 142336K, used 125660K [0x00000000c0000000, 0x0000000100000000)
  region size 1024K, 65 young (66560K), 1 survivors (1024K)
 Metaspace       used 30615K, committed 31360K, reserved 1114112K
  class space    used 2873K, committed 3264K, reserved 1048576K
}
Event: 476644.414 GC heap after
{Heap after GC invocations=238 (full 0):
 garbage-first heap   total 142336K, used 60035K [0x00000000c0000000, 0x0000000100000000)
  region size 1024K, 1 young (1024K), 1 survivors (1024K)
 Metaspace       used 30615K, committed 31360K, reserved 1114112K
  class space    used 2873K, committed 3264K, reserved 1048576K
}

